# JRE version: Java(TM) SE Runtime Environment (8.0_121-b13) (build 1.8.0_121-b13)
# Java VM: Java HotSpot(TM) 64-Bit Server VM (25.121-b13 mixed mode bsd-amd64 compressed oops)
Heap:
 PSYoungGen      total 36352K, used 15591K [0x000000076ab00000, 0x000000076cf80000, 0x00000007c0000000)
  eden space 35840K, 43% used [0x000000076ab00000,0x000000076ba19ec8,0x000000076ce00000)
  from space 512K, 25% used [0x000000076ce80000,0x000000076cea0000,0x000000076cf00000)
  to   space 512K, 0% used [0x000000076cf00000,0x000000076cf00000,0x000000076cf80000)
 ParOldGen       total 126976K, used 24604K [0x00000006c0000000, 0x00000006c7c00000, 0x000000076ab00000)
  object space 126976K, 19% used [0x00000006c0000000,0x00000006c1807358,0x00000006c7c00000)
 Metaspace       used 21286K, capacity 21549K, committed 21808K, reserved 1069056K
  class space    used 2070K, capacity 2137K, committed 2176K, reserved 1048576K
GC Heap History (10 events):
Event: 2761.266 GC heap before
{Heap before GC invocations=2204 (full 1):
 PSYoungGen      total 36352K, used 35936K [0x000000076ab00000, 0x000000076cf80000, 0x00000007c0000000)
  eden space 35840K, 100% used [0x000000076ab00000,0x000000076ce00000,0x000000076ce00000)
  from space 512K, 18% used [0x000000076cf00000,0x000000076cf18000,0x000000076cf80000)
  to   space 512K, 0% used [0x000000076ce80000,0x000000076ce80000,0x000000076cf00000)
 ParOldGen       total 126976K, used 24604K [0x00000006c0000000, 0x00000006c7c00000, 0x000000076ab00000)
  object space 126976K, 19% used [0x00000006c0000000,0x00000006c1807358,0x00000006c7c00000)
 Metaspace       used 21211K, capacity 21485K, committed 21808K, reserved 1069056K
  class space    used 2059K, capacity 2137K, committed 2176K, reserved 1048576K
Event: 2761.267 GC heap after
Heap after GC invocations=2204 (full 1):
 PSYoungGen      total 36352K, used 96K [0x000000076ab00000, 0x000000076cf80000, 0x00000007c0000000)
  eden space 35840K, 0% used [0x000000076ab00000,0x000000076ab00000,0x000000076ce00000)
  from space 512K, 18% used [0x000000076ce80000,0x000000076ce98000,0x000000076cf00000)
  to   space 512K, 0% used [0x000000076cf00000,0x000000076cf00000,0x000000076cf80000)
 ParOldGen       total 126976K, used 24604K [0x00000006c0000000, 0x00000006c7c00000, 0x000000076ab00000)
  object space 126976K, 19% used [0x00000006c0000000,0x00000006c1807358,0x00000006c7c00000)
 Metaspace       used 21211K, capacity 21485K, committed 21808K, reserved 1069056K
  class space    used 2059K, capacity 2137K, committed 2176K, reserved 1048576K
}
Event: 2762.715 GC heap before
{Heap before GC invocations=2205 (full 1):
 PSYoungGen      total 36352K, used 35936K [0x000000076ab00000, 0x000000076cf80000, 0x00000007c0000000)
  eden space 35840K, 100% used [0x000000076ab00000,0x000000076ce00000,0x000000076ce00000)
  from space 512K, 18% used [0x000000076ce80000,0x000000076ce98000,0x000000076cf00000)
  to   space 512K, 0% used [0x000000076cf00000,0x000000076cf00000,0x000000076cf80000)
 ParOldGen       total 126976K, used 24604K [0x00000006c0000000, 0x00000006c7c00000, 0x000000076ab00000)
  object space 126976K, 19% used [0x00000006c0000000,0x00000006c1807358,0x00000006c7c00000)
 Metaspace       used 21211K, capacity 21485K, committed 21808K, reserved 1069056K
  class space    used 2059K, capacity 2137K, committed 2176K, reserved 1048576K
Event: 2762.716 GC heap after
Heap after GC invocations=2205 (full 1):
 PSYoungGen      total 36352K, used 96K [0x000000076ab00000, 0x000000076cf80000, 0x00000007c0000000)
  eden space 35840K, 0% used [0x000000076ab00000,0x000000076ab00000,0x000000076ce00000)
  from space 512K, 18% used [0x000000076cf00000,0x000000076cf18000,0x000000076cf80000)
  to   space 512K, 0% used [0x000000076ce80000,0x000000076ce80000,0x000000076cf00000)
 ParOldGen       total 126976K, used 24604K [0x00000006c0000000, 0x00000006c7c00000, 0x000000076ab00000)
  object space 126976K, 19% used [0x00000006c0000000,0x00000006c1807358,0x00000006c7c00000)
 Metaspace       used 21211K, capacity 21485K, committed 21808K, reserved 1069056K
  class space    used 2059K, capacity 2137K, committed 2176K, reserved 1048576K
}
Event: 2764.046 GC heap before
{Heap before GC invocations=2206 (full 1):
 PSYoungGen      total 36352K, used 35936K [0x000000076ab00000, 0x000000076cf80000, 0x00000007c0000000)
  eden space 35840K, 100% used [0x000000076ab00000,0x000000076ce00000,0x000000076ce00000)
  from space 512K, 18% used [0x000000076cf00000,0x000000076cf18000,0x000000076cf80000)
  to   space 512K, 0% used [0x000000076ce80000,0x000000076ce80000,0x000000076cf00000)
 ParOldGen       total 126976K, used 24604K [0x00000006c0000000, 0x00000006c7c00000, 0x000000076ab00000)
  object space 126976K, 19% used [0x00000006c0000000,0x00000006c1807358,0x00000006c7c00000)
 Metaspace       used 21211K, capacity 21485K, committed 21808K, reserved 1069056K
  class space    used 2059K, capacity 2137K, committed 2176K, reserved 1048576K
Event: 2764.047 GC heap after
Heap after GC invocations=2206 (full 1):
 PSYoungGen      total 36352K, used 96K [0x000000076ab00000, 0x000000076cf80000, 0x00000007c0000000)
  eden space 35840K, 0% used [0x000000076ab00000,0x000000076ab00000,0x000000076ce00000)
  from space 512K, 18% used [0x000000076ce80000,0x000000076ce98000,0x000000076cf00000)
  to   space 512K, 0% used [0x000000076cf00000,0x000000076cf00000,0x000000076cf80000)
 ParOldGen       total 126976K, used 24604K [0x00000006c0000000, 0x00000006c7c00000, 0x000000076ab00000)
  object space 126976K, 19% used [0x00000006c0000000,0x00000006c1807358,0x00000006c7c00000)
 Metaspace       used 21211K, capacity 21485K, committed 21808K, reserved 1069056K
  class space    used 2059K, capacity 2137K, committed 2176K, reserved 1048576K
}
Event: 2765.300 GC heap before
{Heap before GC invocations=2207 (full 1):
 PSYoungGen      total 36352K, used 35936K [0x000000076ab00000, 0x000000076cf80000, 0x00000007c0000000)
  eden space 35840K, 100% used [0x000000076ab00000,0x000000076ce00000,0x000000076ce00000)
  from space 512K, 18% used [0x000000076ce80000,0x000000076ce98000,0x000000076cf00000)
  to   space 512K, 0% used [0x000000076cf00000,0x000000076cf00000,0x000000076cf80000)
 ParOldGen       total 126976K, used 24604K [0x00000006c0000000, 0x00000006c7c00000, 0x000000076ab00000)
  object space 126976K, 19% used [0x00000006c0000000,0x00000006c1807358,0x00000006c7c00000)
 Metaspace       used 21211K, capacity 21485K, committed 21808K, reserved 1069056K
  class space    used 2059K, capacity 2137K, committed 2176K, reserved 1048576K
Event: 2765.302 GC heap after
Heap after GC invocations=2207 (full 1):
 PSYoungGen      total 36352K, used 96K [0x000000076ab00000, 0x000000076cf80000, 0x00000007c0000000)
  eden space 35840K, 0% used [0x000000076ab00000,0x000000076ab00000,0x000000076ce00000)
  from space 512K, 18% used [0x000000076cf00000,0x000000076cf18000,0x000000076cf80000)
  to   space 512K, 0% used [0x000000076ce80000,0x000000076ce80000,0x000000076cf00000)
 ParOldGen       total 126976K, used 24604K [0x00000006c0000000, 0x00000006c7c00000, 0x000000076ab00000)
  object space 126976K, 19% used [0x00000006c0000000,0x00000006c1807358,0x00000006c7c00000)
 Metaspace       used 21211K, capacity 21485K, committed 21808K, reserved 1069056K
  class space    used 2059K, capacity 2137K, committed 2176K, reserved 1048576K
}
Event: 2767.059 GC heap before
{Heap before GC invocations=2208 (full 1):
 PSYoungGen      total 36352K, used 35936K [0x000000076ab00000, 0x000000076cf80000, 0x00000007c0000000)
  eden space 35840K, 100% used [0x000000076ab00000,0x000000076ce00000,0x000000076ce00000)
  from space 512K, 18% used [0x000000076cf00000,0x000000076cf18000,0x000000076cf80000)
  to   space 512K, 0% used [0x000000076ce80000,0x000000076ce80000,0x000000076cf00000)
 ParOldGen       total 126976K, used 24604K [0x00000006c0000000, 0x00000006c7c00000, 0x000000076ab00000)
  object space 126976K, 19% used [0x00000006c0000000,0x00000006c1807358,0x00000006c7c00000)
 Metaspace       used 21251K, capacity 21485K, committed 21808K, reserved 1069056K
  class space    used 2063K, capacity 2137K, committed 2176K, reserved 1048576K
Event: 2767.060 GC heap after
Heap after GC invocations=2208 (full 1):
 PSYoungGen      total 36352K, used 128K [0x000000076ab00000, 0x000000076cf80000, 0x00000007c0000000)
  eden space 35840K, 0% used [0x000000076ab00000,0x000000076ab00000,0x000000076ce00000)
  from space 512K, 25% used [0x000000076ce80000,0x000000076cea0000,0x000000076cf00000)
  to   space 512K, 0% used [0x000000076cf00000,0x000000076cf00000,0x000000076cf80000)
 ParOldGen       total 126976K, used 24604K [0x00000006c0000000, 0x00000006c7c00000, 0x000000076ab00000)
  object space 126976K, 19% used [0x00000006c0000000,0x00000006c1807358,0x00000006c7c00000)
 Metaspace       used 21251K, capacity 21485K, committed 21808K, reserved 1069056K
  class space    used 2063K, capacity 2137K, committed 2176K, reserved 1048576K
}

