# JRE version: Java(TM) SE Runtime Environment (8.0_121-b13) (build 1.8.0_121-b13)
# Java VM: Java HotSpot(TM) 64-Bit Server VM (25.121-b13 mixed mode bsd-amd64 compressed oops)
Heap:
 PSYoungGen      total 37376K, used 26965K [0x000000076ab00000, 0x000000076d080000, 0x00000007c0000000)
  eden space 36864K, 73% used [0x000000076ab00000,0x000000076c54d6d0,0x000000076cf00000)
  from space 512K, 6% used [0x000000076cf80000,0x000000076cf88000,0x000000076d000000)
  to   space 512K, 0% used [0x000000076d000000,0x000000076d000000,0x000000076d080000)
 ParOldGen       total 122368K, used 37767K [0x00000006c0000000, 0x00000006c7780000, 0x000000076ab00000)
  object space 122368K, 30% used [0x00000006c0000000,0x00000006c24e1c78,0x00000006c7780000)
 Metaspace       used 21599K, capacity 21835K, committed 22064K, reserved 1069056K
  class space    used 2090K, capacity 2170K, committed 2176K, reserved 1048576K
GC Heap History (10 events):
Event: 21253.675 GC heap before
{Heap before GC invocations=4732 (full 1):
 PSYoungGen      total 37376K, used 36928K [0x000000076ab00000, 0x000000076d080000, 0x00000007c0000000)
  eden space 36864K, 100% used [0x000000076ab00000,0x000000076cf00000,0x000000076cf00000)
  from space 512K, 12% used [0x000000076d000000,0x000000076d010000,0x000000076d080000)
  to   space 512K, 0% used [0x000000076cf80000,0x000000076cf80000,0x000000076d000000)
 ParOldGen       total 122368K, used 37767K [0x00000006c0000000, 0x00000006c7780000, 0x000000076ab00000)
  object space 122368K, 30% used [0x00000006c0000000,0x00000006c24e1c78,0x00000006c7780000)
 Metaspace       used 21570K, capacity 21835K, committed 22064K, reserved 1069056K
  class space    used 2084K, capacity 2170K, committed 2176K, reserved 1048576K
Event: 21253.677 GC heap after
Heap after GC invocations=4732 (full 1):
 PSYoungGen      total 37376K, used 64K [0x000000076ab00000, 0x000000076d080000, 0x00000007c0000000)
  eden space 36864K, 0% used [0x000000076ab00000,0x000000076ab00000,0x000000076cf00000)
  from space 512K, 12% used [0x000000076cf80000,0x000000076cf90000,0x000000076d000000)
  to   space 512K, 0% used [0x000000076d000000,0x000000076d000000,0x000000076d080000)
 ParOldGen       total 122368K, used 37767K [0x00000006c0000000, 0x00000006c7780000, 0x000000076ab00000)
  object space 122368K, 30% used [0x00000006c0000000,0x00000006c24e1c78,0x00000006c7780000)
 Metaspace       used 21570K, capacity 21835K, committed 22064K, reserved 1069056K
  class space    used 2084K, capacity 2170K, committed 2176K, reserved 1048576K
}
Event: 21258.041 GC heap before
{Heap before GC invocations=4733 (full 1):
 PSYoungGen      total 37376K, used 36928K [0x000000076ab00000, 0x000000076d080000, 0x00000007c0000000)
  eden space 36864K, 100% used [0x000000076ab00000,0x000000076cf00000,0x000000076cf00000)
  from space 512K, 12% used [0x000000076cf80000,0x000000076cf90000,0x000000076d000000)
  to   space 512K, 0% used [0x000000076d000000,0x000000076d000000,0x000000076d080000)
 ParOldGen       total 122368K, used 37767K [0x00000006c0000000, 0x00000006c7780000, 0x000000076ab00000)
  object space 122368K, 30% used [0x00000006c0000000,0x00000006c24e1c78,0x00000006c7780000)
 Metaspace       used 21570K, capacity 21835K, committed 22064K, reserved 1069056K
  class space    used 2084K, capacity 2170K, committed 2176K, reserved 1048576K
Event: 21258.044 GC heap after
Heap after GC invocations=4733 (full 1):
 PSYoungGen      total 37376K, used 96K [0x000000076ab00000, 0x000000076d080000, 0x00000007c0000000)
  eden space 36864K, 0% used [0x000000076ab00000,0x000000076ab00000,0x000000076cf00000)
  from space 512K, 18% used [0x000000076d000000,0x000000076d018000,0x000000076d080000)
  to   space 512K, 0% used [0x000000076cf80000,0x000000076cf80000,0x000000076d000000)
 ParOldGen       total 122368K, used 37767K [0x00000006c0000000, 0x00000006c7780000, 0x000000076ab00000)
  object space 122368K, 30% used [0x00000006c0000000,0x00000006c24e1c78,0x00000006c7780000)
 Metaspace       used 21570K, capacity 21835K, committed 22064K, reserved 1069056K
  class space    used 2084K, capacity 2170K, committed 2176K, reserved 1048576K
}
Event: 21262.395 GC heap before
{Heap before GC invocations=4734 (full 1):
 PSYoungGen      total 37376K, used 36960K [0x000000076ab00000, 0x000000076d080000, 0x00000007c0000000)
  eden space 36864K, 100% used [0x000000076ab00000,0x000000076cf00000,0x000000076cf00000)
  from space 512K, 18% used [0x000000076d000000,0x000000076d018000,0x000000076d080000)
  to   space 512K, 0% used [0x000000076cf80000,0x000000076cf80000,0x000000076d000000)
 ParOldGen       total 122368K, used 37767K [0x00000006c0000000, 0x00000006c7780000, 0x000000076ab00000)
  object space 122368K, 30% used [0x00000006c0000000,0x00000006c24e1c78,0x00000006c7780000)
 Metaspace       used 21570K, capacity 21835K, committed 22064K, reserved 1069056K
  class space    used 2084K, capacity 2170K, committed 2176K, reserved 1048576K
Event: 21262.399 GC heap after
Heap after GC invocations=4734 (full 1):
 PSYoungGen      total 37376K, used 32K [0x000000076ab00000, 0x000000076d080000, 0x00000007c0000000)
  eden space 36864K, 0% used [0x000000076ab00000,0x000000076ab00000,0x000000076cf00000)
  from space 512K, 6% used [0x000000076cf80000,0x000000076cf88000,0x000000076d000000)
  to   space 512K, 0% used [0x000000076d000000,0x000000076d000000,0x000000076d080000)
 ParOldGen       total 122368K, used 37767K [0x00000006c0000000, 0x00000006c7780000, 0x000000076ab00000)
  object space 122368K, 30% used [0x00000006c0000000,0x00000006c24e1c78,0x00000006c7780000)
 Metaspace       used 21570K, capacity 21835K, committed 22064K, reserved 1069056K
  class space    used 2084K, capacity 2170K, committed 2176K, reserved 1048576K
}
Event: 21266.762 GC heap before
{Heap before GC invocations=4735 (full 1):
 PSYoungGen      total 37376K, used 36896K [0x000000076ab00000, 0x000000076d080000, 0x00000007c0000000)
  eden space 36864K, 100% used [0x000000076ab00000,0x000000076cf00000,0x000000076cf00000)
  from space 512K, 6% used [0x000000076cf80000,0x000000076cf88000,0x000000076d000000)
  to   space 512K, 0% used [0x000000076d000000,0x000000076d000000,0x000000076d080000)
 ParOldGen       total 122368K, used 37767K [0x00000006c0000000, 0x00000006c7780000, 0x000000076ab00000)
  object space 122368K, 30% used [0x00000006c0000000,0x00000006c24e1c78,0x00000006c7780000)
 Metaspace       used 21570K, capacity 21835K, committed 22064K, reserved 1069056K
  class space    used 2084K, capacity 2170K, committed 2176K, reserved 1048576K
Event: 21266.764 GC heap after
Heap after GC invocations=4735 (full 1):
 PSYoungGen      total 37376K, used 64K [0x000000076ab00000, 0x000000076d080000, 0x00000007c0000000)
  eden space 36864K, 0% used [0x000000076ab00000,0x000000076ab00000,0x000000076cf00000)
  from space 512K, 12% used [0x000000076d000000,0x000000076d010000,0x000000076d080000)
  to   space 512K, 0% used [0x000000076cf80000,0x000000076cf80000,0x000000076d000000)
 ParOldGen       total 122368K, used 37767K [0x00000006c0000000, 0x00000006c7780000, 0x000000076ab00000)
  object space 122368K, 30% used [0x00000006c0000000,0x00000006c24e1c78,0x00000006c7780000)
 Metaspace       used 21570K, capacity 21835K, committed 22064K, reserved 1069056K
  class space    used 2084K, capacity 2170K, committed 2176K, reserved 1048576K
}
Event: 21271.705 GC heap before
{Heap before GC invocations=4736 (full 1):
 PSYoungGen      total 37376K, used 36928K [0x000000076ab00000, 0x000000076d080000, 0x00000007c0000000)
  eden space 36864K, 100% used [0x000000076ab00000,0x000000076cf00000,0x000000076cf00000)
  from space 512K, 12% used [0x000000076d000000,0x000000076d010000,0x000000076d080000)
  to   space 512K, 0% used [0x000000076cf80000,0x000000076cf80000,0x000000076d000000)
 ParOldGen       total 122368K, used 37767K [0x00000006c0000000, 0x00000006c7780000, 0x000000076ab00000)
  object space 122368K, 30% used [0x00000006c0000000,0x00000006c24e1c78,0x00000006c7780000)
 Metaspace       used 21570K, capacity 21835K, committed 22064K, reserved 1069056K
  class space    used 2084K, capacity 2170K, committed 2176K, reserved 1048576K
Event: 21271.717 GC heap after
Heap after GC invocations=4736 (full 1):
 PSYoungGen      total 37376K, used 32K [0x000000076ab00000, 0x000000076d080000, 0x00000007c0000000)
  eden space 36864K, 0% used [0x000000076ab00000,0x000000076ab00000,0x000000076cf00000)
  from space 512K, 6% used [0x000000076cf80000,0x000000076cf88000,0x000000076d000000)
  to   space 512K, 0% used [0x000000076d000000,0x000000076d000000,0x000000076d080000)
 ParOldGen       total 122368K, used 37767K [0x00000006c0000000, 0x00000006c7780000, 0x000000076ab00000)
  object space 122368K, 30% used [0x00000006c0000000,0x00000006c24e1c78,0x00000006c7780000)
 Metaspace       used 21570K, capacity 21835K, committed 22064K, reserved 1069056K
  class space    used 2084K, capacity 2170K, committed 2176K, reserved 1048576K
}

