# JRE version: Java(TM) SE Runtime Environment (8.0_121-b13) (build 1.8.0_121-b13)
# Java VM: Java HotSpot(TM) 64-Bit Server VM (25.121-b13 mixed mode bsd-amd64 compressed oops)
Heap:
 PSYoungGen      total 36864K, used 28882K [0x000000076ab00000, 0x000000076d980000, 0x00000007c0000000)
  eden space 36352K, 79% used [0x000000076ab00000,0x000000076c71c880,0x000000076ce80000)
  from space 512K, 18% used [0x000000076d900000,0x000000076d918000,0x000000076d980000)
  to   space 512K, 0% used [0x000000076d880000,0x000000076d880000,0x000000076d900000)
 ParOldGen       total 103424K, used 20854K [0x00000006c0000000, 0x00000006c6500000, 0x000000076ab00000)
  object space 103424K, 20% used [0x00000006c0000000,0x00000006c145d910,0x00000006c6500000)
 Metaspace       used 24650K, capacity 24933K, committed 25088K, reserved 1071104K
  class space    used 2418K, capacity 2509K, committed 2560K, reserved 1048576K
GC Heap History (10 events):
Event: 11881.700 GC heap before
{Heap before GC invocations=3083 (full 1):
 PSYoungGen      total 36864K, used 36448K [0x000000076ab00000, 0x000000076d980000, 0x00000007c0000000)
  eden space 36352K, 100% used [0x000000076ab00000,0x000000076ce80000,0x000000076ce80000)
  from space 512K, 18% used [0x000000076d880000,0x000000076d898000,0x000000076d900000)
  to   space 512K, 0% used [0x000000076d900000,0x000000076d900000,0x000000076d980000)
 ParOldGen       total 103424K, used 20854K [0x00000006c0000000, 0x00000006c6500000, 0x000000076ab00000)
  object space 103424K, 20% used [0x00000006c0000000,0x00000006c145d910,0x00000006c6500000)
 Metaspace       used 24603K, capacity 24869K, committed 25088K, reserved 1071104K
  class space    used 2408K, capacity 2509K, committed 2560K, reserved 1048576K
Event: 11881.702 GC heap after
Heap after GC invocations=3083 (full 1):
 PSYoungGen      total 36864K, used 64K [0x000000076ab00000, 0x000000076d980000, 0x00000007c0000000)
  eden space 36352K, 0% used [0x000000076ab00000,0x000000076ab00000,0x000000076ce80000)
  from space 512K, 12% used [0x000000076d900000,0x000000076d910000,0x000000076d980000)
  to   space 512K, 0% used [0x000000076d880000,0x000000076d880000,0x000000076d900000)
 ParOldGen       total 103424K, used 20854K [0x00000006c0000000, 0x00000006c6500000, 0x000000076ab00000)
  object space 103424K, 20% used [0x00000006c0000000,0x00000006c145d910,0x00000006c6500000)
 Metaspace       used 24603K, capacity 24869K, committed 25088K, reserved 1071104K
  class space    used 2408K, capacity 2509K, committed 2560K, reserved 1048576K
}
Event: 11885.467 GC heap before
{Heap before GC invocations=3084 (full 1):
 PSYoungGen      total 36864K, used 36416K [0x000000076ab00000, 0x000000076d980000, 0x00000007c0000000)
  eden space 36352K, 100% used [0x000000076ab00000,0x000000076ce80000,0x000000076ce80000)
  from space 512K, 12% used [0x000000076d900000,0x000000076d910000,0x000000076d980000)
  to   space 512K, 0% used [0x000000076d880000,0x000000076d880000,0x000000076d900000)
 ParOldGen       total 103424K, used 20854K [0x00000006c0000000, 0x00000006c6500000, 0x000000076ab00000)
  object space 103424K, 20% used [0x00000006c0000000,0x00000006c145d910,0x00000006c6500000)
 Metaspace       used 24603K, capacity 24869K, committed 25088K, reserved 1071104K
  class space    used 2408K, capacity 2509K, committed 2560K, reserved 1048576K
Event: 11885.470 GC heap after
Heap after GC invocations=3084 (full 1):
 PSYoungGen      total 36864K, used 64K [0x000000076ab00000, 0x000000076d980000, 0x00000007c0000000)
  eden space 36352K, 0% used [0x000000076ab00000,0x000000076ab00000,0x000000076ce80000)
  from space 512K, 12% used [0x000000076d880000,0x000000076d890000,0x000000076d900000)
  to   space 512K, 0% used [0x000000076d900000,0x000000076d900000,0x000000076d980000)
 ParOldGen       total 103424K, used 20854K [0x00000006c0000000, 0x00000006c6500000, 0x000000076ab00000)
  object space 103424K, 20% used [0x00000006c0000000,0x00000006c145d910,0x00000006c6500000)
 Metaspace       used 24603K, capacity 24869K, committed 25088K, reserved 1071104K
  class space    used 2408K, capacity 2509K, committed 2560K, reserved 1048576K
}
Event: 11889.220 GC heap before
{Heap before GC invocations=3085 (full 1):
 PSYoungGen      total 36864K, used 36416K [0x000000076ab00000, 0x000000076d980000, 0x00000007c0000000)
  eden space 36352K, 100% used [0x000000076ab00000,0x000000076ce80000,0x000000076ce80000)
  from space 512K, 12% used [0x000000076d880000,0x000000076d890000,0x000000076d900000)
  to   space 512K, 0% used [0x000000076d900000,0x000000076d900000,0x000000076d980000)
 ParOldGen       total 103424K, used 20854K [0x00000006c0000000, 0x00000006c6500000, 0x000000076ab00000)
  object space 103424K, 20% used [0x00000006c0000000,0x00000006c145d910,0x00000006c6500000)
 Metaspace       used 24603K, capacity 24869K, committed 25088K, reserved 1071104K
  class space    used 2408K, capacity 2509K, committed 2560K, reserved 1048576K
Event: 11889.222 GC heap after
Heap after GC invocations=3085 (full 1):
 PSYoungGen      total 36864K, used 96K [0x000000076ab00000, 0x000000076d980000, 0x00000007c0000000)
  eden space 36352K, 0% used [0x000000076ab00000,0x000000076ab00000,0x000000076ce80000)
  from space 512K, 18% used [0x000000076d900000,0x000000076d918000,0x000000076d980000)
  to   space 512K, 0% used [0x000000076d880000,0x000000076d880000,0x000000076d900000)
 ParOldGen       total 103424K, used 20854K [0x00000006c0000000, 0x00000006c6500000, 0x000000076ab00000)
  object space 103424K, 20% used [0x00000006c0000000,0x00000006c145d910,0x00000006c6500000)
 Metaspace       used 24603K, capacity 24869K, committed 25088K, reserved 1071104K
  class space    used 2408K, capacity 2509K, committed 2560K, reserved 1048576K
}
Event: 11893.000 GC heap before
{Heap before GC invocations=3086 (full 1):
 PSYoungGen      total 36864K, used 36448K [0x000000076ab00000, 0x000000076d980000, 0x00000007c0000000)
  eden space 36352K, 100% used [0x000000076ab00000,0x000000076ce80000,0x000000076ce80000)
  from space 512K, 18% used [0x000000076d900000,0x000000076d918000,0x000000076d980000)
  to   space 512K, 0% used [0x000000076d880000,0x000000076d880000,0x000000076d900000)
 ParOldGen       total 103424K, used 20854K [0x00000006c0000000, 0x00000006c6500000, 0x000000076ab00000)
  object space 103424K, 20% used [0x00000006c0000000,0x00000006c145d910,0x00000006c6500000)
 Metaspace       used 24603K, capacity 24869K, committed 25088K, reserved 1071104K
  class space    used 2408K, capacity 2509K, committed 2560K, reserved 1048576K
Event: 11893.002 GC heap after
Heap after GC invocations=3086 (full 1):
 PSYoungGen      total 36864K, used 96K [0x000000076ab00000, 0x000000076d980000, 0x00000007c0000000)
  eden space 36352K, 0% used [0x000000076ab00000,0x000000076ab00000,0x000000076ce80000)
  from space 512K, 18% used [0x000000076d880000,0x000000076d898000,0x000000076d900000)
  to   space 512K, 0% used [0x000000076d900000,0x000000076d900000,0x000000076d980000)
 ParOldGen       total 103424K, used 20854K [0x00000006c0000000, 0x00000006c6500000, 0x000000076ab00000)
  object space 103424K, 20% used [0x00000006c0000000,0x00000006c145d910,0x00000006c6500000)
 Metaspace       used 24603K, capacity 24869K, committed 25088K, reserved 1071104K
  class space    used 2408K, capacity 2509K, committed 2560K, reserved 1048576K
}
Event: 11896.765 GC heap before
{Heap before GC invocations=3087 (full 1):
 PSYoungGen      total 36864K, used 36448K [0x000000076ab00000, 0x000000076d980000, 0x00000007c0000000)
  eden space 36352K, 100% used [0x000000076ab00000,0x000000076ce80000,0x000000076ce80000)
  from space 512K, 18% used [0x000000076d880000,0x000000076d898000,0x000000076d900000)
  to   space 512K, 0% used [0x000000076d900000,0x000000076d900000,0x000000076d980000)
 ParOldGen       total 103424K, used 20854K [0x00000006c0000000, 0x00000006c6500000, 0x000000076ab00000)
  object space 103424K, 20% used [0x00000006c0000000,0x00000006c145d910,0x00000006c6500000)
 Metaspace       used 24603K, capacity 24869K, committed 25088K, reserved 1071104K
  class space    used 2408K, capacity 2509K, committed 2560K, reserved 1048576K
Event: 11896.766 GC heap after
Heap after GC invocations=3087 (full 1):
 PSYoungGen      total 36864K, used 96K [0x000000076ab00000, 0x000000076d980000, 0x00000007c0000000)
  eden space 36352K, 0% used [0x000000076ab00000,0x000000076ab00000,0x000000076ce80000)
  from space 512K, 18% used [0x000000076d900000,0x000000076d918000,0x000000076d980000)
  to   space 512K, 0% used [0x000000076d880000,0x000000076d880000,0x000000076d900000)
 ParOldGen       total 103424K, used 20854K [0x00000006c0000000, 0x00000006c6500000, 0x000000076ab00000)
  object space 103424K, 20% used [0x00000006c0000000,0x00000006c145d910,0x00000006c6500000)
 Metaspace       used 24603K, capacity 24869K, committed 25088K, reserved 1071104K
  class space    used 2408K, capacity 2509K, committed 2560K, reserved 1048576K
}

