# JRE version: Java(TM) SE Runtime Environment (8.0_121-b13) (build 1.8.0_121-b13)
# Java VM: Java HotSpot(TM) 64-Bit Server VM (25.121-b13 mixed mode bsd-amd64 compressed oops)
Heap:
 PSYoungGen      total 38912K, used 11000K [0x000000076ab00000, 0x000000076d200000, 0x00000007c0000000)
  eden space 38400K, 28% used [0x000000076ab00000,0x000000076b5a6120,0x000000076d080000)
  from space 512K, 18% used [0x000000076d180000,0x000000076d198000,0x000000076d200000)
  to   space 512K, 0% used [0x000000076d100000,0x000000076d100000,0x000000076d180000)
 ParOldGen       total 130048K, used 16844K [0x00000006c0000000, 0x00000006c7f00000, 0x000000076ab00000)
  object space 130048K, 12% used [0x00000006c0000000,0x00000006c1073360,0x00000006c7f00000)
 Metaspace       used 21455K, capacity 21679K, committed 21808K, reserved 1069056K
  class space    used 2075K, capacity 2138K, committed 2176K, reserved 1048576K
GC Heap History (10 events):
Event: 1326.233 GC heap before
{Heap before GC invocations=371 (full 1):
 PSYoungGen      total 38912K, used 38464K [0x000000076ab00000, 0x000000076d200000, 0x00000007c0000000)
  eden space 38400K, 100% used [0x000000076ab00000,0x000000076d080000,0x000000076d080000)
  from space 512K, 12% used [0x000000076d100000,0x000000076d110000,0x000000076d180000)
  to   space 512K, 0% used [0x000000076d180000,0x000000076d180000,0x000000076d200000)
 ParOldGen       total 130048K, used 16844K [0x00000006c0000000, 0x00000006c7f00000, 0x000000076ab00000)
  object space 130048K, 12% used [0x00000006c0000000,0x00000006c1073360,0x00000006c7f00000)
 Metaspace       used 21414K, capacity 21615K, committed 21808K, reserved 1069056K
  class space    used 2066K, capacity 2138K, committed 2176K, reserved 1048576K
Event: 1326.235 GC heap after
Heap after GC invocations=371 (full 1):
 PSYoungGen      total 38912K, used 64K [0x000000076ab00000, 0x000000076d200000, 0x00000007c0000000)
  eden space 38400K, 0% used [0x000000076ab00000,0x000000076ab00000,0x000000076d080000)
  from space 512K, 12% used [0x000000076d180000,0x000000076d190000,0x000000076d200000)
  to   space 512K, 0% used [0x000000076d100000,0x000000076d100000,0x000000076d180000)
 ParOldGen       total 130048K, used 16844K [0x00000006c0000000, 0x00000006c7f00000, 0x000000076ab00000)
  object space 130048K, 12% used [0x00000006c0000000,0x00000006c1073360,0x00000006c7f00000)
 Metaspace       used 21414K, capacity 21615K, committed 21808K, reserved 1069056K
  class space    used 2066K, capacity 2138K, committed 2176K, reserved 1048576K
}
Event: 1329.653 GC heap before
{Heap before GC invocations=372 (full 1):
 PSYoungGen      total 38912K, used 38464K [0x000000076ab00000, 0x000000076d200000, 0x00000007c0000000)
  eden space 38400K, 100% used [0x000000076ab00000,0x000000076d080000,0x000000076d080000)
  from space 512K, 12% used [0x000000076d180000,0x000000076d190000,0x000000076d200000)
  to   space 512K, 0% used [0x000000076d100000,0x000000076d100000,0x000000076d180000)
 ParOldGen       total 130048K, used 16844K [0x00000006c0000000, 0x00000006c7f00000, 0x000000076ab00000)
  object space 130048K, 12% used [0x00000006c0000000,0x00000006c1073360,0x00000006c7f00000)
 Metaspace       used 21414K, capacity 21615K, committed 21808K, reserved 1069056K
  class space    used 2066K, capacity 2138K, committed 2176K, reserved 1048576K
Event: 1329.655 GC heap after
Heap after GC invocations=372 (full 1):
 PSYoungGen      total 38912K, used 32K [0x000000076ab00000, 0x000000076d200000, 0x00000007c0000000)
  eden space 38400K, 0% used [0x000000076ab00000,0x000000076ab00000,0x000000076d080000)
  from space 512K, 6% used [0x000000076d100000,0x000000076d108000,0x000000076d180000)
  to   space 512K, 0% used [0x000000076d180000,0x000000076d180000,0x000000076d200000)
 ParOldGen       total 130048K, used 16844K [0x00000006c0000000, 0x00000006c7f00000, 0x000000076ab00000)
  object space 130048K, 12% used [0x00000006c0000000,0x00000006c1073360,0x00000006c7f00000)
 Metaspace       used 21414K, capacity 21615K, committed 21808K, reserved 1069056K
  class space    used 2066K, capacity 2138K, committed 2176K, reserved 1048576K
}
Event: 1333.085 GC heap before
{Heap before GC invocations=373 (full 1):
 PSYoungGen      total 38912K, used 38432K [0x000000076ab00000, 0x000000076d200000, 0x00000007c0000000)
  eden space 38400K, 100% used [0x000000076ab00000,0x000000076d080000,0x000000076d080000)
  from space 512K, 6% used [0x000000076d100000,0x000000076d108000,0x000000076d180000)
  to   space 512K, 0% used [0x000000076d180000,0x000000076d180000,0x000000076d200000)
 ParOldGen       total 130048K, used 16844K [0x00000006c0000000, 0x00000006c7f00000, 0x000000076ab00000)
  object space 130048K, 12% used [0x00000006c0000000,0x00000006c1073360,0x00000006c7f00000)
 Metaspace       used 21414K, capacity 21615K, committed 21808K, reserved 1069056K
  class space    used 2066K, capacity 2138K, committed 2176K, reserved 1048576K
Event: 1333.086 GC heap after
Heap after GC invocations=373 (full 1):
 PSYoungGen      total 38912K, used 64K [0x000000076ab00000, 0x000000076d200000, 0x00000007c0000000)
  eden space 38400K, 0% used [0x000000076ab00000,0x000000076ab00000,0x000000076d080000)
  from space 512K, 12% used [0x000000076d180000,0x000000076d190000,0x000000076d200000)
  to   space 512K, 0% used [0x000000076d100000,0x000000076d100000,0x000000076d180000)
 ParOldGen       total 130048K, used 16844K [0x00000006c0000000, 0x00000006c7f00000, 0x000000076ab00000)
  object space 130048K, 12% used [0x00000006c0000000,0x00000006c1073360,0x00000006c7f00000)
 Metaspace       used 21414K, capacity 21615K, committed 21808K, reserved 1069056K
  class space    used 2066K, capacity 2138K, committed 2176K, reserved 1048576K
}
Event: 1336.683 GC heap before
{Heap before GC invocations=374 (full 1):
 PSYoungGen      total 38912K, used 38464K [0x000000076ab00000, 0x000000076d200000, 0x00000007c0000000)
  eden space 38400K, 100% used [0x000000076ab00000,0x000000076d080000,0x000000076d080000)
  from space 512K, 12% used [0x000000076d180000,0x000000076d190000,0x000000076d200000)
  to   space 512K, 0% used [0x000000076d100000,0x000000076d100000,0x000000076d180000)
 ParOldGen       total 130048K, used 16844K [0x00000006c0000000, 0x00000006c7f00000, 0x000000076ab00000)
  object space 130048K, 12% used [0x00000006c0000000,0x00000006c1073360,0x00000006c7f00000)
 Metaspace       used 21426K, capacity 21679K, committed 21808K, reserved 1069056K
  class space    used 2068K, capacity 2138K, committed 2176K, reserved 1048576K
Event: 1336.685 GC heap after
Heap after GC invocations=374 (full 1):
 PSYoungGen      total 38912K, used 64K [0x000000076ab00000, 0x000000076d200000, 0x00000007c0000000)
  eden space 38400K, 0% used [0x000000076ab00000,0x000000076ab00000,0x000000076d080000)
  from space 512K, 12% used [0x000000076d100000,0x000000076d110000,0x000000076d180000)
  to   space 512K, 0% used [0x000000076d180000,0x000000076d180000,0x000000076d200000)
 ParOldGen       total 130048K, used 16844K [0x00000006c0000000, 0x00000006c7f00000, 0x000000076ab00000)
  object space 130048K, 12% used [0x00000006c0000000,0x00000006c1073360,0x00000006c7f00000)
 Metaspace       used 21426K, capacity 21679K, committed 21808K, reserved 1069056K
  class space    used 2068K, capacity 2138K, committed 2176K, reserved 1048576K
}
Event: 1340.267 GC heap before
{Heap before GC invocations=375 (full 1):
 PSYoungGen      total 38912K, used 38464K [0x000000076ab00000, 0x000000076d200000, 0x00000007c0000000)
  eden space 38400K, 100% used [0x000000076ab00000,0x000000076d080000,0x000000076d080000)
  from space 512K, 12% used [0x000000076d100000,0x000000076d110000,0x000000076d180000)
  to   space 512K, 0% used [0x000000076d180000,0x000000076d180000,0x000000076d200000)
 ParOldGen       total 130048K, used 16844K [0x00000006c0000000, 0x00000006c7f00000, 0x000000076ab00000)
  object space 130048K, 12% used [0x00000006c0000000,0x00000006c1073360,0x00000006c7f00000)
 Metaspace       used 21426K, capacity 21679K, committed 21808K, reserved 1069056K
  class space    used 2068K, capacity 2138K, committed 2176K, reserved 1048576K
Event: 1340.278 GC heap after
Heap after GC invocations=375 (full 1):
 PSYoungGen      total 38912K, used 96K [0x000000076ab00000, 0x000000076d200000, 0x00000007c0000000)
  eden space 38400K, 0% used [0x000000076ab00000,0x000000076ab00000,0x000000076d080000)
  from space 512K, 18% used [0x000000076d180000,0x000000076d198000,0x000000076d200000)
  to   space 512K, 0% used [0x000000076d100000,0x000000076d100000,0x000000076d180000)
 ParOldGen       total 130048K, used 16844K [0x00000006c0000000, 0x00000006c7f00000, 0x000000076ab00000)
  object space 130048K, 12% used [0x00000006c0000000,0x00000006c1073360,0x00000006c7f00000)
 Metaspace       used 21426K, capacity 21679K, committed 21808K, reserved 1069056K
  class space    used 2068K, capacity 2138K, committed 2176K, reserved 1048576K
}

