# JRE version: Java(TM) SE Runtime Environment (8.0_121-b13) (build 1.8.0_121-b13)
# Java VM: Java HotSpot(TM) 64-Bit Server VM (25.121-b13 mixed mode bsd-amd64 compressed oops)
Heap:
 PSYoungGen      total 46080K, used 30876K [0x000000076ab00000, 0x000000076e680000, 0x00000007c0000000)
  eden space 45568K, 67% used [0x000000076ab00000,0x000000076c8ff268,0x000000076d780000)
  from space 512K, 31% used [0x000000076d800000,0x000000076d828000,0x000000076d880000)
  to   space 7680K, 0% used [0x000000076df00000,0x000000076df00000,0x000000076e680000)
 ParOldGen       total 87552K, used 16277K [0x00000006c0000000, 0x00000006c5580000, 0x000000076ab00000)
  object space 87552K, 18% used [0x00000006c0000000,0x00000006c0fe5430,0x00000006c5580000)
 Metaspace       used 21182K, capacity 21471K, committed 21808K, reserved 1069056K
  class space    used 2057K, capacity 2136K, committed 2176K, reserved 1048576K
GC Heap History (10 events):
Event: 239.345 GC heap before
{Heap before GC invocations=22 (full 1):
 PSYoungGen      total 56832K, used 48256K [0x000000076ab00000, 0x000000076ef00000, 0x00000007c0000000)
  eden space 48128K, 100% used [0x000000076ab00000,0x000000076da00000,0x000000076da00000)
  from space 8704K, 1% used [0x000000076e680000,0x000000076e6a0000,0x000000076ef00000)
  to   space 10752K, 0% used [0x000000076da00000,0x000000076da00000,0x000000076e480000)
 ParOldGen       total 87552K, used 16181K [0x00000006c0000000, 0x00000006c5580000, 0x000000076ab00000)
  object space 87552K, 18% used [0x00000006c0000000,0x00000006c0fcd430,0x00000006c5580000)
 Metaspace       used 20978K, capacity 21215K, committed 21552K, reserved 1069056K
  class space    used 2048K, capacity 2136K, committed 2176K, reserved 1048576K
Event: 239.347 GC heap after
Heap after GC invocations=22 (full 1):
 PSYoungGen      total 48128K, used 128K [0x000000076ab00000, 0x000000076ed80000, 0x00000007c0000000)
  eden space 47616K, 0% used [0x000000076ab00000,0x000000076ab00000,0x000000076d980000)
  from space 512K, 25% used [0x000000076da00000,0x000000076da20000,0x000000076da80000)
  to   space 10240K, 0% used [0x000000076e380000,0x000000076e380000,0x000000076ed80000)
 ParOldGen       total 87552K, used 16205K [0x00000006c0000000, 0x00000006c5580000, 0x000000076ab00000)
  object space 87552K, 18% used [0x00000006c0000000,0x00000006c0fd3430,0x00000006c5580000)
 Metaspace       used 20978K, capacity 21215K, committed 21552K, reserved 1069056K
  class space    used 2048K, capacity 2136K, committed 2176K, reserved 1048576K
}
Event: 249.929 GC heap before
{Heap before GC invocations=23 (full 1):
 PSYoungGen      total 48128K, used 47744K [0x000000076ab00000, 0x000000076ed80000, 0x00000007c0000000)
  eden space 47616K, 100% used [0x000000076ab00000,0x000000076d980000,0x000000076d980000)
  from space 512K, 25% used [0x000000076da00000,0x000000076da20000,0x000000076da80000)
  to   space 10240K, 0% used [0x000000076e380000,0x000000076e380000,0x000000076ed80000)
 ParOldGen       total 87552K, used 16205K [0x00000006c0000000, 0x00000006c5580000, 0x000000076ab00000)
  object space 87552K, 18% used [0x00000006c0000000,0x00000006c0fd3430,0x00000006c5580000)
 Metaspace       used 20978K, capacity 21215K, committed 21552K, reserved 1069056K
  class space    used 2048K, capacity 2136K, committed 2176K, reserved 1048576K
Event: 249.932 GC heap after
Heap after GC invocations=23 (full 1):
 PSYoungGen      total 55808K, used 128K [0x000000076ab00000, 0x000000076ec00000, 0x00000007c0000000)
  eden space 47104K, 0% used [0x000000076ab00000,0x000000076ab00000,0x000000076d900000)
  from space 8704K, 1% used [0x000000076e380000,0x000000076e3a0000,0x000000076ec00000)
  to   space 9728K, 0% used [0x000000076d900000,0x000000076d900000,0x000000076e280000)
 ParOldGen       total 87552K, used 16205K [0x00000006c0000000, 0x00000006c5580000, 0x000000076ab00000)
  object space 87552K, 18% used [0x00000006c0000000,0x00000006c0fd3430,0x00000006c5580000)
 Metaspace       used 20978K, capacity 21215K, committed 21552K, reserved 1069056K
  class space    used 2048K, capacity 2136K, committed 2176K, reserved 1048576K
}
Event: 260.410 GC heap before
{Heap before GC invocations=24 (full 1):
 PSYoungGen      total 55808K, used 47232K [0x000000076ab00000, 0x000000076ec00000, 0x00000007c0000000)
  eden space 47104K, 100% used [0x000000076ab00000,0x000000076d900000,0x000000076d900000)
  from space 8704K, 1% used [0x000000076e380000,0x000000076e3a0000,0x000000076ec00000)
  to   space 9728K, 0% used [0x000000076d900000,0x000000076d900000,0x000000076e280000)
 ParOldGen       total 87552K, used 16205K [0x00000006c0000000, 0x00000006c5580000, 0x000000076ab00000)
  object space 87552K, 18% used [0x00000006c0000000,0x00000006c0fd3430,0x00000006c5580000)
 Metaspace       used 20978K, capacity 21215K, committed 21552K, reserved 1069056K
  class space    used 2048K, capacity 2136K, committed 2176K, reserved 1048576K
Event: 260.412 GC heap after
Heap after GC invocations=24 (full 1):
 PSYoungGen      total 47104K, used 96K [0x000000076ab00000, 0x000000076ea80000, 0x00000007c0000000)
  eden space 46592K, 0% used [0x000000076ab00000,0x000000076ab00000,0x000000076d880000)
  from space 512K, 18% used [0x000000076d900000,0x000000076d918000,0x000000076d980000)
  to   space 9216K, 0% used [0x000000076e180000,0x000000076e180000,0x000000076ea80000)
 ParOldGen       total 87552K, used 16221K [0x00000006c0000000, 0x00000006c5580000, 0x000000076ab00000)
  object space 87552K, 18% used [0x00000006c0000000,0x00000006c0fd7430,0x00000006c5580000)
 Metaspace       used 20978K, capacity 21215K, committed 21552K, reserved 1069056K
  class space    used 2048K, capacity 2136K, committed 2176K, reserved 1048576K
}
Event: 270.791 GC heap before
{Heap before GC invocations=25 (full 1):
 PSYoungGen      total 47104K, used 46688K [0x000000076ab00000, 0x000000076ea80000, 0x00000007c0000000)
  eden space 46592K, 100% used [0x000000076ab00000,0x000000076d880000,0x000000076d880000)
  from space 512K, 18% used [0x000000076d900000,0x000000076d918000,0x000000076d980000)
  to   space 9216K, 0% used [0x000000076e180000,0x000000076e180000,0x000000076ea80000)
 ParOldGen       total 87552K, used 16221K [0x00000006c0000000, 0x00000006c5580000, 0x000000076ab00000)
  object space 87552K, 18% used [0x00000006c0000000,0x00000006c0fd7430,0x00000006c5580000)
 Metaspace       used 20978K, capacity 21215K, committed 21552K, reserved 1069056K
  class space    used 2048K, capacity 2136K, committed 2176K, reserved 1048576K
Event: 270.793 GC heap after
Heap after GC invocations=25 (full 1):
 PSYoungGen      total 53760K, used 128K [0x000000076ab00000, 0x000000076e900000, 0x00000007c0000000)
  eden space 46080K, 0% used [0x000000076ab00000,0x000000076ab00000,0x000000076d800000)
  from space 7680K, 1% used [0x000000076e180000,0x000000076e1a0000,0x000000076e900000)
  to   space 8704K, 0% used [0x000000076d800000,0x000000076d800000,0x000000076e080000)
 ParOldGen       total 87552K, used 16253K [0x00000006c0000000, 0x00000006c5580000, 0x000000076ab00000)
  object space 87552K, 18% used [0x00000006c0000000,0x00000006c0fdf430,0x00000006c5580000)
 Metaspace       used 20978K, capacity 21215K, committed 21552K, reserved 1069056K
  class space    used 2048K, capacity 2136K, committed 2176K, reserved 1048576K
}
Event: 280.974 GC heap before
{Heap before GC invocations=26 (full 1):
 PSYoungGen      total 53760K, used 46208K [0x000000076ab00000, 0x000000076e900000, 0x00000007c0000000)
  eden space 46080K, 100% used [0x000000076ab00000,0x000000076d800000,0x000000076d800000)
  from space 7680K, 1% used [0x000000076e180000,0x000000076e1a0000,0x000000076e900000)
  to   space 8704K, 0% used [0x000000076d800000,0x000000076d800000,0x000000076e080000)
 ParOldGen       total 87552K, used 16253K [0x00000006c0000000, 0x00000006c5580000, 0x000000076ab00000)
  object space 87552K, 18% used [0x00000006c0000000,0x00000006c0fdf430,0x00000006c5580000)
 Metaspace       used 21020K, capacity 21279K, committed 21552K, reserved 1069056K
  class space    used 2049K, capacity 2136K, committed 2176K, reserved 1048576K
Event: 280.975 GC heap after
Heap after GC invocations=26 (full 1):
 PSYoungGen      total 46080K, used 160K [0x000000076ab00000, 0x000000076e680000, 0x00000007c0000000)
  eden space 45568K, 0% used [0x000000076ab00000,0x000000076ab00000,0x000000076d780000)
  from space 512K, 31% used [0x000000076d800000,0x000000076d828000,0x000000076d880000)
  to   space 7680K, 0% used [0x000000076df00000,0x000000076df00000,0x000000076e680000)
 ParOldGen       total 87552K, used 16277K [0x00000006c0000000, 0x00000006c5580000, 0x000000076ab00000)
  object space 87552K, 18% used [0x00000006c0000000,0x00000006c0fe5430,0x00000006c5580000)
 Metaspace       used 21020K, capacity 21279K, committed 21552K, reserved 1069056K
  class space    used 2049K, capacity 2136K, committed 2176K, reserved 1048576K
}

